[INFO] Scanning for projects...
[INFO] 
[INFO] -------------------< com.deep.chat:chat-app-backend >-------------------
[INFO] Building chat-app-backend 0.0.1-SNAPSHOT
[INFO]   from pom.xml
[INFO] --------------------------------[ jar ]---------------------------------
[INFO] 
[INFO] --- clean:3.4.1:clean (default-clean) @ chat-app-backend ---
[INFO] Deleting D:\Projects\chat-app\chat-app-backend\target
[INFO] 
[INFO] --- resources:3.3.1:resources (default-resources) @ chat-app-backend ---
[INFO] Copying 1 resource from src\main\resources to target\classes
[INFO] Copying 0 resource from src\main\resources to target\classes
[INFO] 
[INFO] --- compiler:3.13.0:compile (default-compile) @ chat-app-backend ---
[INFO] Recompiling the module because of changed source code.
[INFO] Compiling 10 source files with javac [debug parameters release 17] to target\classes
[INFO] -------------------------------------------------------------
[ERROR] COMPILATION ERROR : 
[INFO] -------------------------------------------------------------
[ERROR] /D:/Projects/chat-app/chat-app-backend/src/main/java/com/deep/chat/controllers/ChatController.java:[3,30] cannot find symbol
  symbol:   class Message
  location: package com.deep.chat.entities
[ERROR] /D:/Projects/chat-app/chat-app-backend/src/main/java/com/deep/chat/controllers/ChatController.java:[25,12] cannot find symbol
  symbol:   class Message
  location: class com.deep.chat.controllers.ChatController
[ERROR] /D:/Projects/chat-app/chat-app-backend/src/main/java/com/deep/chat/entities/Room.java:[23,18] cannot find symbol
  symbol:   class Message
  location: class com.deep.chat.entities.Room
[ERROR] /D:/Projects/chat-app/chat-app-backend/src/main/java/com/deep/chat/entities/Room.java:[33,17] cannot find symbol
  symbol:   class Message
  location: class com.deep.chat.entities.Room
[ERROR] /D:/Projects/chat-app/chat-app-backend/src/main/java/com/deep/chat/entities/Room.java:[37,34] cannot find symbol
  symbol:   class Message
  location: class com.deep.chat.entities.Room
[ERROR] /D:/Projects/chat-app/chat-app-backend/src/main/java/com/deep/chat/entities/Room.java:[17,1] cannot find symbol
  symbol:   class Message
  location: class com.deep.chat.entities.Room
[ERROR] /D:/Projects/chat-app/chat-app-backend/src/main/java/com/deep/chat/controllers/RoomController.java:[3,30] cannot find symbol
  symbol:   class Message
  location: package com.deep.chat.entities
[ERROR] /D:/Projects/chat-app/chat-app-backend/src/main/java/com/deep/chat/controllers/RoomController.java:[43,32] cannot find symbol
  symbol:   class Message
  location: class com.deep.chat.controllers.RoomController
[INFO] 8 errors 
[INFO] -------------------------------------------------------------
[INFO] ------------------------------------------------------------------------
[INFO] BUILD FAILURE
[INFO] ------------------------------------------------------------------------
[INFO] Total time:  5.300 s
[INFO] Finished at: 2026-01-13T19:16:42+05:30
[INFO] ------------------------------------------------------------------------
[ERROR] Failed to execute goal org.apache.maven.plugins:maven-compiler-plugin:3.13.0:compile (default-compile) on project chat-app-backend: Compilation failure: Compilation failure: 
[ERROR] /D:/Projects/chat-app/chat-app-backend/src/main/java/com/deep/chat/controllers/ChatController.java:[3,30] cannot find symbol
[ERROR]   symbol:   class Message
[ERROR]   location: package com.deep.chat.entities
[ERROR] /D:/Projects/chat-app/chat-app-backend/src/main/java/com/deep/chat/controllers/ChatController.java:[25,12] cannot find symbol
[ERROR]   symbol:   class Message
[ERROR]   location: class com.deep.chat.controllers.ChatController
[ERROR] /D:/Projects/chat-app/chat-app-backend/src/main/java/com/deep/chat/entities/Room.java:[23,18] cannot find symbol
[ERROR]   symbol:   class Message
[ERROR]   location: class com.deep.chat.entities.Room
[ERROR] /D:/Projects/chat-app/chat-app-backend/src/main/java/com/deep/chat/entities/Room.java:[33,17] cannot find symbol
[ERROR]   symbol:   class Message
[ERROR]   location: class com.deep.chat.entities.Room
[ERROR] /D:/Projects/chat-app/chat-app-backend/src/main/java/com/deep/chat/entities/Room.java:[37,34] cannot find symbol
[ERROR]   symbol:   class Message
[ERROR]   location: class com.deep.chat.entities.Room
[ERROR] /D:/Projects/chat-app/chat-app-backend/src/main/java/com/deep/chat/entities/Room.java:[17,1] cannot find symbol
[ERROR]   symbol:   class Message
[ERROR]   location: class com.deep.chat.entities.Room
[ERROR] /D:/Projects/chat-app/chat-app-backend/src/main/java/com/deep/chat/controllers/RoomController.java:[3,30] cannot find symbol
[ERROR]   symbol:   class Message
[ERROR]   location: package com.deep.chat.entities
[ERROR] /D:/Projects/chat-app/chat-app-backend/src/main/java/com/deep/chat/controllers/RoomController.java:[43,32] cannot find symbol
[ERROR]   symbol:   class Message
[ERROR]   location: class com.deep.chat.controllers.RoomController
[ERROR] -> [Help 1]
[ERROR] 
[ERROR] To see the full stack trace of the errors, re-run Maven with the -e switch.
[ERROR] Re-run Maven using the -X switch to enable full debug logging.
[ERROR] 
[ERROR] For more information about the errors and possible solutions, please read the following articles:
[ERROR] [Help 1] http://cwiki.apache.org/confluence/display/MAVEN/MojoFailureException
